#
# There is insufficient memory for the Java Runtime Environment to continue.
# Native memory allocation (malloc) failed to allocate 55616 bytes for Chunk::new
# Possible reasons:
#   The system is out of physical RAM or swap space
#   The process is running with CompressedOops enabled, and the Java Heap may be blocking the growth of the native heap
# Possible solutions:
#   Reduce memory load on the system
#   Increase physical memory or swap space
#   Check if swap backing store is full
#   Decrease Java heap size (-Xmx/-Xms)
#   Decrease number of Java threads
#   Decrease Java thread stack sizes (-Xss)
#   Set larger code cache with -XX:ReservedCodeCacheSize=
#   JVM is running with Zero Based Compressed Oops mode in which the Java heap is
#     placed in the first 32GB address space. The Java Heap base address is the
#     maximum limit for the native heap growth. Please use -XX:HeapBaseMinAddress
#     to set the Java Heap base and to place the Java Heap above 32GB virtual address.
# This output file may be truncated or incomplete.
#
#  Out of Memory Error (arena.cpp:184), pid=35756, tid=31028
#
# JRE version: Java(TM) SE Runtime Environment (19.0.2+7) (build 19.0.2+7-44)
# Java VM: Java HotSpot(TM) 64-Bit Server VM (19.0.2+7-44, mixed mode, sharing, tiered, compressed oops, compressed class ptrs, g1 gc, windows-amd64)
# No core dump will be written. Minidumps are not enabled by default on client versions of Windows
#

---------------  S U M M A R Y ------------

Command Line: -Dfile.encoding=UTF-8 -XX:+ShowCodeDetailsInExceptionMessages proj3.AddTestCaseJJ

Host: Intel(R) Core(TM) i7-7600U CPU @ 2.80GHz, 4 cores, 15G,  Windows 11 , 64 bit Build 22000 (10.0.22000.1516)
Time: Thu Mar 30 11:01:53 2023 West Bank Gaza Daylight Time elapsed time: 0.415425 seconds (0d 0h 0m 0s)

---------------  T H R E A D  ---------------

Current thread (0x00000241fe3f81e0):  JavaThread "C2 CompilerThread0" daemon [_thread_in_native, id=31028, stack(0x000000ffdb100000,0x000000ffdb200000)]


Current CompileTask:
C2:    415  291       4       jdk.internal.org.objectweb.asm.ByteVector::putUTF8 (144 bytes)

Stack: [0x000000ffdb100000,0x000000ffdb200000]
Native frames: (J=compiled Java code, j=interpreted, Vv=VM code, C=native code)
V  [jvm.dll+0x6ee21a]
V  [jvm.dll+0x85765e]
V  [jvm.dll+0x85904e]
V  [jvm.dll+0x859703]
V  [jvm.dll+0x28298f]
V  [jvm.dll+0xc9adf]
V  [jvm.dll+0xc9e65]
V  [jvm.dll+0x2f7caf]
V  [jvm.dll+0x5f076b]
V  [jvm.dll+0x255483]
V  [jvm.dll+0x24df0e]
V  [jvm.dll+0x24b673]
V  [jvm.dll+0x1d6ce1]
V  [jvm.dll+0x25b25a]
V  [jvm.dll+0x2596e8]
V  [jvm.dll+0x807588]
V  [jvm.dll+0x80125a]
V  [jvm.dll+0x6ecf0b]
C  [ucrtbase.dll+0x26c0c]
C  [KERNEL32.DLL+0x155a0]
C  [ntdll.dll+0x485b]


---------------  P R O C E S S  ---------------

Threads class SMR info:
_java_thread_list=0x00000241fe6c6310, length=15, elements={
0x00000241e89adb40, 0x00000241fe3e3c30, 0x00000241fe3e8ec0, 0x00000241fe3ec4a0,
0x00000241fe3eede0, 0x00000241fe3f0050, 0x00000241fe3f1990, 0x00000241fe3f81e0,
0x00000241fe41ba40, 0x00000241fe42f450, 0x00000241fe42df10, 0x00000241fe42f9a0,
0x00000241fe42e9b0, 0x00000241fe430990, 0x00000241fe430ee0
}

Java Threads: ( => current thread )
  0x00000241e89adb40 JavaThread "main" [_thread_in_vm, id=37736, stack(0x000000ffda400000,0x000000ffda500000)]
  0x00000241fe3e3c30 JavaThread "Reference Handler" daemon [_thread_blocked, id=20580, stack(0x000000ffdab00000,0x000000ffdac00000)]
  0x00000241fe3e8ec0 JavaThread "Finalizer" daemon [_thread_blocked, id=29104, stack(0x000000ffdac00000,0x000000ffdad00000)]
  0x00000241fe3ec4a0 JavaThread "Signal Dispatcher" daemon [_thread_blocked, id=36228, stack(0x000000ffdad00000,0x000000ffdae00000)]
  0x00000241fe3eede0 JavaThread "Attach Listener" daemon [_thread_blocked, id=34624, stack(0x000000ffdae00000,0x000000ffdaf00000)]
  0x00000241fe3f0050 JavaThread "Service Thread" daemon [_thread_blocked, id=23664, stack(0x000000ffdaf00000,0x000000ffdb000000)]
  0x00000241fe3f1990 JavaThread "Monitor Deflation Thread" daemon [_thread_blocked, id=30032, stack(0x000000ffdb000000,0x000000ffdb100000)]
=>0x00000241fe3f81e0 JavaThread "C2 CompilerThread0" daemon [_thread_in_native, id=31028, stack(0x000000ffdb100000,0x000000ffdb200000)]
  0x00000241fe41ba40 JavaThread "C1 CompilerThread0" daemon [_thread_in_native, id=37668, stack(0x000000ffdb200000,0x000000ffdb300000)]
  0x00000241fe42f450 JavaThread "Sweeper thread" daemon [_thread_blocked, id=28004, stack(0x000000ffdb300000,0x000000ffdb400000)]
  0x00000241fe42df10 JavaThread "Notification Thread" daemon [_thread_blocked, id=10548, stack(0x000000ffdb400000,0x000000ffdb500000)]
  0x00000241fe42f9a0 JavaThread "Common-Cleaner" daemon [_thread_blocked, id=36276, stack(0x000000ffdb600000,0x000000ffdb700000)]
  0x00000241fe42e9b0 JavaThread "Java2D Disposer" daemon [_thread_blocked, id=32928, stack(0x000000ffdb700000,0x000000ffdb800000)]
  0x00000241fe430990 JavaThread "AWT-Shutdown" [_thread_blocked, id=35552, stack(0x000000ffdb800000,0x000000ffdb900000)]
  0x00000241fe430ee0 JavaThread "AWT-Windows" daemon [_thread_in_native, id=37448, stack(0x000000ffdb900000,0x000000ffdba00000)]

Other Threads:
  0x00000241fe3c7620 VMThread "VM Thread" [stack: 0x000000ffdaa00000,0x000000ffdab00000] [id=30480]
  0x00000241fe6563d0 WatcherThread "VM Periodic Task Thread" [stack: 0x000000ffdb500000,0x000000ffdb600000] [id=30700]
  0x00000241e8a1dbf0 WorkerThread "GC Thread#0" [stack: 0x000000ffda500000,0x000000ffda600000] [id=32352]
  0x00000241e8a2e8d0 ConcurrentGCThread "G1 Main Marker" [stack: 0x000000ffda600000,0x000000ffda700000] [id=33932]
  0x00000241e8a2fda0 WorkerThread "G1 Conc#0" [stack: 0x000000ffda700000,0x000000ffda800000] [id=34784]
  0x00000241fe2820c0 ConcurrentGCThread "G1 Refine#0" [stack: 0x000000ffda800000,0x000000ffda900000] [id=35420]
  0x00000241fe2834b0 ConcurrentGCThread "G1 Service" [stack: 0x000000ffda900000,0x000000ffdaa00000] [id=32072]

Threads with active compile tasks:
C2 CompilerThread0      447  291       4       jdk.internal.org.objectweb.asm.ByteVector::putUTF8 (144 bytes)

VM state: not at safepoint (normal execution)

VM Mutex/Monitor currently owned by a thread: None

Heap address: 0x0000000702800000, size: 4056 MB, Compressed Oops mode: Zero based, Oop shift amount: 3

CDS archive(s) mapped at: [0x0000000800000000-0x0000000800c40000-0x0000000800c40000), size 12845056, SharedBaseAddress: 0x0000000800000000, ArchiveRelocationMode: 0.
Compressed class space mapped at: 0x0000000801000000-0x0000000841000000, reserved size: 1073741824
Narrow klass base: 0x0000000800000000, Narrow klass shift: 0, Narrow klass range: 0x100000000

GC Precious Log:
 CardTable entry size: 512
 Card Set container configuration: InlinePtr #cards 4 size 8 Array Of Cards #cards 16 size 48 Howl #buckets 8 coarsen threshold 3686 Howl Bitmap #cards 512 size 80 coarsen threshold 460 Card regions per heap region 1 cards per card region 4096
 CPUs: 4 total, 4 available
 Memory: 16223M
 Large Page Support: Disabled
 NUMA Support: Disabled
 Compressed Oops: Enabled (Zero based)
 Heap Region Size: 2M
 Heap Min Capacity: 8M
 Heap Initial Capacity: 254M
 Heap Max Capacity: 4056M
 Pre-touch: Disabled
 Parallel Workers: 4
 Concurrent Workers: 1
 Concurrent Refinement Workers: 4
 Periodic GC: Disabled

Heap:
 garbage-first heap   total 260096K, used 4096K [0x0000000702800000, 0x0000000800000000)
  region size 2048K, 3 young (6144K), 0 survivors (0K)
 Metaspace       used 2647K, committed 2816K, reserved 1114112K
  class space    used 245K, committed 320K, reserved 1048576K

Heap Regions: E=young(eden), S=young(survivor), O=old, HS=humongous(starts), HC=humongous(continues), CS=collection set, F=free, OA=open archive, CA=closed archive, TAMS=top-at-mark-start (previous, next)
|   0|0x0000000702800000, 0x0000000702a00000, 0x0000000702a00000|100%|HS|  |TAMS 0x0000000702800000, 0x0000000702800000| Complete 
|   1|0x0000000702a00000, 0x0000000702a00000, 0x0000000702c00000|  0%| F|  |TAMS 0x0000000702a00000, 0x0000000702a00000| Untracked 
|   2|0x0000000702c00000, 0x0000000702c00000, 0x0000000702e00000|  0%| F|  |TAMS 0x0000000702c00000, 0x0000000702c00000| Untracked 
|   3|0x0000000702e00000, 0x0000000702e00000, 0x0000000703000000|  0%| F|  |TAMS 0x0000000702e00000, 0x0000000702e00000| Untracked 
|   4|0x0000000703000000, 0x0000000703000000, 0x0000000703200000|  0%| F|  |TAMS 0x0000000703000000, 0x0000000703000000| Untracked 
|   5|0x0000000703200000, 0x0000000703200000, 0x0000000703400000|  0%| F|  |TAMS 0x0000000703200000, 0x0000000703200000| Untracked 
|   6|0x0000000703400000, 0x0000000703400000, 0x0000000703600000|  0%| F|  |TAMS 0x0000000703400000, 0x0000000703400000| Untracked 
|   7|0x0000000703600000, 0x0000000703600000, 0x0000000703800000|  0%| F|  |TAMS 0x0000000703600000, 0x0000000703600000| Untracked 
|   8|0x0000000703800000, 0x0000000703800000, 0x0000000703a00000|  0%| F|  |TAMS 0x0000000703800000, 0x0000000703800000| Untracked 
|   9|0x0000000703a00000, 0x0000000703a00000, 0x0000000703c00000|  0%| F|  |TAMS 0x0000000703a00000, 0x0000000703a00000| Untracked 
|  10|0x0000000703c00000, 0x0000000703c00000, 0x0000000703e00000|  0%| F|  |TAMS 0x0000000703c00000, 0x0000000703c00000| Untracked 
|  11|0x0000000703e00000, 0x0000000703e00000, 0x0000000704000000|  0%| F|  |TAMS 0x0000000703e00000, 0x0000000703e00000| Untracked 
|  12|0x0000000704000000, 0x0000000704000000, 0x0000000704200000|  0%| F|  |TAMS 0x0000000704000000, 0x0000000704000000| Untracked 
|  13|0x0000000704200000, 0x0000000704200000, 0x0000000704400000|  0%| F|  |TAMS 0x0000000704200000, 0x0000000704200000| Untracked 
|  14|0x0000000704400000, 0x0000000704400000, 0x0000000704600000|  0%| F|  |TAMS 0x0000000704400000, 0x0000000704400000| Untracked 
|  15|0x0000000704600000, 0x0000000704600000, 0x0000000704800000|  0%| F|  |TAMS 0x0000000704600000, 0x0000000704600000| Untracked 
|  16|0x0000000704800000, 0x0000000704800000, 0x0000000704a00000|  0%| F|  |TAMS 0x0000000704800000, 0x0000000704800000| Untracked 
|  17|0x0000000704a00000, 0x0000000704a00000, 0x0000000704c00000|  0%| F|  |TAMS 0x0000000704a00000, 0x0000000704a00000| Untracked 
|  18|0x0000000704c00000, 0x0000000704c00000, 0x0000000704e00000|  0%| F|  |TAMS 0x0000000704c00000, 0x0000000704c00000| Untracked 
|  19|0x0000000704e00000, 0x0000000704e00000, 0x0000000705000000|  0%| F|  |TAMS 0x0000000704e00000, 0x0000000704e00000| Untracked 
|  20|0x0000000705000000, 0x0000000705000000, 0x0000000705200000|  0%| F|  |TAMS 0x0000000705000000, 0x0000000705000000| Untracked 
|  21|0x0000000705200000, 0x0000000705200000, 0x0000000705400000|  0%| F|  |TAMS 0x0000000705200000, 0x0000000705200000| Untracked 
|  22|0x0000000705400000, 0x0000000705400000, 0x0000000705600000|  0%| F|  |TAMS 0x0000000705400000, 0x0000000705400000| Untracked 
|  23|0x0000000705600000, 0x0000000705600000, 0x0000000705800000|  0%| F|  |TAMS 0x0000000705600000, 0x0000000705600000| Untracked 
|  24|0x0000000705800000, 0x0000000705800000, 0x0000000705a00000|  0%| F|  |TAMS 0x0000000705800000, 0x0000000705800000| Untracked 
|  25|0x0000000705a00000, 0x0000000705a00000, 0x0000000705c00000|  0%| F|  |TAMS 0x0000000705a00000, 0x0000000705a00000| Untracked 
|  26|0x0000000705c00000, 0x0000000705c00000, 0x0000000705e00000|  0%| F|  |TAMS 0x0000000705c00000, 0x0000000705c00000| Untracked 
|  27|0x0000000705e00000, 0x0000000705e00000, 0x0000000706000000|  0%| F|  |TAMS 0x0000000705e00000, 0x0000000705e00000| Untracked 
|  28|0x0000000706000000, 0x0000000706000000, 0x0000000706200000|  0%| F|  |TAMS 0x0000000706000000, 0x0000000706000000| Untracked 
|  29|0x0000000706200000, 0x0000000706200000, 0x0000000706400000|  0%| F|  |TAMS 0x0000000706200000, 0x0000000706200000| Untracked 
|  30|0x0000000706400000, 0x0000000706400000, 0x0000000706600000|  0%| F|  |TAMS 0x0000000706400000, 0x0000000706400000| Untracked 
|  31|0x0000000706600000, 0x0000000706600000, 0x0000000706800000|  0%| F|  |TAMS 0x0000000706600000, 0x0000000706600000| Untracked 
|  32|0x0000000706800000, 0x0000000706800000, 0x0000000706a00000|  0%| F|  |TAMS 0x0000000706800000, 0x0000000706800000| Untracked 
|  33|0x0000000706a00000, 0x0000000706a00000, 0x0000000706c00000|  0%| F|  |TAMS 0x0000000706a00000, 0x0000000706a00000| Untracked 
|  34|0x0000000706c00000, 0x0000000706c00000, 0x0000000706e00000|  0%| F|  |TAMS 0x0000000706c00000, 0x0000000706c00000| Untracked 
|  35|0x0000000706e00000, 0x0000000706e00000, 0x0000000707000000|  0%| F|  |TAMS 0x0000000706e00000, 0x0000000706e00000| Untracked 
|  36|0x0000000707000000, 0x0000000707000000, 0x0000000707200000|  0%| F|  |TAMS 0x0000000707000000, 0x0000000707000000| Untracked 
|  37|0x0000000707200000, 0x0000000707200000, 0x0000000707400000|  0%| F|  |TAMS 0x0000000707200000, 0x0000000707200000| Untracked 
|  38|0x0000000707400000, 0x0000000707400000, 0x0000000707600000|  0%| F|  |TAMS 0x0000000707400000, 0x0000000707400000| Untracked 
|  39|0x0000000707600000, 0x0000000707600000, 0x0000000707800000|  0%| F|  |TAMS 0x0000000707600000, 0x0000000707600000| Untracked 
|  40|0x0000000707800000, 0x0000000707800000, 0x0000000707a00000|  0%| F|  |TAMS 0x0000000707800000, 0x0000000707800000| Untracked 
|  41|0x0000000707a00000, 0x0000000707a00000, 0x0000000707c00000|  0%| F|  |TAMS 0x0000000707a00000, 0x0000000707a00000| Untracked 
|  42|0x0000000707c00000, 0x0000000707c00000, 0x0000000707e00000|  0%| F|  |TAMS 0x0000000707c00000, 0x0000000707c00000| Untracked 
|  43|0x0000000707e00000, 0x0000000707e00000, 0x0000000708000000|  0%| F|  |TAMS 0x0000000707e00000, 0x0000000707e00000| Untracked 
|  44|0x0000000708000000, 0x0000000708000000, 0x0000000708200000|  0%| F|  |TAMS 0x0000000708000000, 0x0000000708000000| Untracked 
|  45|0x0000000708200000, 0x0000000708200000, 0x0000000708400000|  0%| F|  |TAMS 0x0000000708200000, 0x0000000708200000| Untracked 
|  46|0x0000000708400000, 0x0000000708400000, 0x0000000708600000|  0%| F|  |TAMS 0x0000000708400000, 0x0000000708400000| Untracked 
|  47|0x0000000708600000, 0x0000000708600000, 0x0000000708800000|  0%| F|  |TAMS 0x0000000708600000, 0x0000000708600000| Untracked 
|  48|0x0000000708800000, 0x0000000708800000, 0x0000000708a00000|  0%| F|  |TAMS 0x0000000708800000, 0x0000000708800000| Untracked 
|  49|0x0000000708a00000, 0x0000000708a00000, 0x0000000708c00000|  0%| F|  |TAMS 0x0000000708a00000, 0x0000000708a00000| Untracked 
|  50|0x0000000708c00000, 0x0000000708c00000, 0x0000000708e00000|  0%| F|  |TAMS 0x0000000708c00000, 0x0000000708c00000| Untracked 
|  51|0x0000000708e00000, 0x0000000708e00000, 0x0000000709000000|  0%| F|  |TAMS 0x0000000708e00000, 0x0000000708e00000| Untracked 
|  52|0x0000000709000000, 0x0000000709000000, 0x0000000709200000|  0%| F|  |TAMS 0x0000000709000000, 0x0000000709000000| Untracked 
|  53|0x0000000709200000, 0x0000000709200000, 0x0000000709400000|  0%| F|  |TAMS 0x0000000709200000, 0x0000000709200000| Untracked 
|  54|0x0000000709400000, 0x0000000709400000, 0x0000000709600000|  0%| F|  |TAMS 0x0000000709400000, 0x0000000709400000| Untracked 
|  55|0x0000000709600000, 0x0000000709600000, 0x0000000709800000|  0%| F|  |TAMS 0x0000000709600000, 0x0000000709600000| Untracked 
|  56|0x0000000709800000, 0x0000000709800000, 0x0000000709a00000|  0%| F|  |TAMS 0x0000000709800000, 0x0000000709800000| Untracked 
|  57|0x0000000709a00000, 0x0000000709a00000, 0x0000000709c00000|  0%| F|  |TAMS 0x0000000709a00000, 0x0000000709a00000| Untracked 
|  58|0x0000000709c00000, 0x0000000709c00000, 0x0000000709e00000|  0%| F|  |TAMS 0x0000000709c00000, 0x0000000709c00000| Untracked 
|  59|0x0000000709e00000, 0x0000000709e00000, 0x000000070a000000|  0%| F|  |TAMS 0x0000000709e00000, 0x0000000709e00000| Untracked 
|  60|0x000000070a000000, 0x000000070a000000, 0x000000070a200000|  0%| F|  |TAMS 0x000000070a000000, 0x000000070a000000| Untracked 
|  61|0x000000070a200000, 0x000000070a200000, 0x000000070a400000|  0%| F|  |TAMS 0x000000070a200000, 0x000000070a200000| Untracked 
|  62|0x000000070a400000, 0x000000070a400000, 0x000000070a600000|  0%| F|  |TAMS 0x000000070a400000, 0x000000070a400000| Untracked 
|  63|0x000000070a600000, 0x000000070a600000, 0x000000070a800000|  0%| F|  |TAMS 0x000000070a600000, 0x000000070a600000| Untracked 
|  64|0x000000070a800000, 0x000000070a800000, 0x000000070aa00000|  0%| F|  |TAMS 0x000000070a800000, 0x000000070a800000| Untracked 
|  65|0x000000070aa00000, 0x000000070aa00000, 0x000000070ac00000|  0%| F|  |TAMS 0x000000070aa00000, 0x000000070aa00000| Untracked 
|  66|0x000000070ac00000, 0x000000070ac00000, 0x000000070ae00000|  0%| F|  |TAMS 0x000000070ac00000, 0x000000070ac00000| Untracked 
|  67|0x000000070ae00000, 0x000000070ae00000, 0x000000070b000000|  0%| F|  |TAMS 0x000000070ae00000, 0x000000070ae00000| Untracked 
|  68|0x000000070b000000, 0x000000070b000000, 0x000000070b200000|  0%| F|  |TAMS 0x000000070b000000, 0x000000070b000000| Untracked 
|  69|0x000000070b200000, 0x000000070b200000, 0x000000070b400000|  0%| F|  |TAMS 0x000000070b200000, 0x000000070b200000| Untracked 
|  70|0x000000070b400000, 0x000000070b400000, 0x000000070b600000|  0%| F|  |TAMS 0x000000070b400000, 0x000000070b400000| Untracked 
|  71|0x000000070b600000, 0x000000070b600000, 0x000000070b800000|  0%| F|  |TAMS 0x000000070b600000, 0x000000070b600000| Untracked 
|  72|0x000000070b800000, 0x000000070b800000, 0x000000070ba00000|  0%| F|  |TAMS 0x000000070b800000, 0x000000070b800000| Untracked 
|  73|0x000000070ba00000, 0x000000070ba00000, 0x000000070bc00000|  0%| F|  |TAMS 0x000000070ba00000, 0x000000070ba00000| Untracked 
|  74|0x000000070bc00000, 0x000000070bc00000, 0x000000070be00000|  0%| F|  |TAMS 0x000000070bc00000, 0x000000070bc00000| Untracked 
|  75|0x000000070be00000, 0x000000070be00000, 0x000000070c000000|  0%| F|  |TAMS 0x000000070be00000, 0x000000070be00000| Untracked 
|  76|0x000000070c000000, 0x000000070c000000, 0x000000070c200000|  0%| F|  |TAMS 0x000000070c000000, 0x000000070c000000| Untracked 
|  77|0x000000070c200000, 0x000000070c200000, 0x000000070c400000|  0%| F|  |TAMS 0x000000070c200000, 0x000000070c200000| Untracked 
|  78|0x000000070c400000, 0x000000070c400000, 0x000000070c600000|  0%| F|  |TAMS 0x000000070c400000, 0x000000070c400000| Untracked 
|  79|0x000000070c600000, 0x000000070c600000, 0x000000070c800000|  0%| F|  |TAMS 0x000000070c600000, 0x000000070c600000| Untracked 
|  80|0x000000070c800000, 0x000000070c800000, 0x000000070ca00000|  0%| F|  |TAMS 0x000000070c800000, 0x000000070c800000| Untracked 
|  81|0x000000070ca00000, 0x000000070ca00000, 0x000000070cc00000|  0%| F|  |TAMS 0x000000070ca00000, 0x000000070ca00000| Untracked 
|  82|0x000000070cc00000, 0x000000070cc00000, 0x000000070ce00000|  0%| F|  |TAMS 0x000000070cc00000, 0x000000070cc00000| Untracked 
|  83|0x000000070ce00000, 0x000000070ce00000, 0x000000070d000000|  0%| F|  |TAMS 0x000000070ce00000, 0x000000070ce00000| Untracked 
|  84|0x000000070d000000, 0x000000070d000000, 0x000000070d200000|  0%| F|  |TAMS 0x000000070d000000, 0x000000070d000000| Untracked 
|  85|0x000000070d200000, 0x000000070d200000, 0x000000070d400000|  0%| F|  |TAMS 0x000000070d200000, 0x000000070d200000| Untracked 
|  86|0x000000070d400000, 0x000000070d400000, 0x000000070d600000|  0%| F|  |TAMS 0x000000070d400000, 0x000000070d400000| Untracked 
|  87|0x000000070d600000, 0x000000070d600000, 0x000000070d800000|  0%| F|  |TAMS 0x000000070d600000, 0x000000070d600000| Untracked 
|  88|0x000000070d800000, 0x000000070d800000, 0x000000070da00000|  0%| F|  |TAMS 0x000000070d800000, 0x000000070d800000| Untracked 
|  89|0x000000070da00000, 0x000000070da00000, 0x000000070dc00000|  0%| F|  |TAMS 0x000000070da00000, 0x000000070da00000| Untracked 
|  90|0x000000070dc00000, 0x000000070dc00000, 0x000000070de00000|  0%| F|  |TAMS 0x000000070dc00000, 0x000000070dc00000| Untracked 
|  91|0x000000070de00000, 0x000000070de00000, 0x000000070e000000|  0%| F|  |TAMS 0x000000070de00000, 0x000000070de00000| Untracked 
|  92|0x000000070e000000, 0x000000070e000000, 0x000000070e200000|  0%| F|  |TAMS 0x000000070e000000, 0x000000070e000000| Untracked 
|  93|0x000000070e200000, 0x000000070e200000, 0x000000070e400000|  0%| F|  |TAMS 0x000000070e200000, 0x000000070e200000| Untracked 
|  94|0x000000070e400000, 0x000000070e400000, 0x000000070e600000|  0%| F|  |TAMS 0x000000070e400000, 0x000000070e400000| Untracked 
|  95|0x000000070e600000, 0x000000070e600000, 0x000000070e800000|  0%| F|  |TAMS 0x000000070e600000, 0x000000070e600000| Untracked 
|  96|0x000000070e800000, 0x000000070e800000, 0x000000070ea00000|  0%| F|  |TAMS 0x000000070e800000, 0x000000070e800000| Untracked 
|  97|0x000000070ea00000, 0x000000070ea00000, 0x000000070ec00000|  0%| F|  |TAMS 0x000000070ea00000, 0x000000070ea00000| Untracked 
|  98|0x000000070ec00000, 0x000000070ec00000, 0x000000070ee00000|  0%| F|  |TAMS 0x000000070ec00000, 0x000000070ec00000| Untracked 
|  99|0x000000070ee00000, 0x000000070ee00000, 0x000000070f000000|  0%| F|  |TAMS 0x000000070ee00000, 0x000000070ee00000| Untracked 
| 100|0x000000070f000000, 0x000000070f000000, 0x000000070f200000|  0%| F|  |TAMS 0x000000070f000000, 0x000000070f000000| Untracked 
| 101|0x000000070f200000, 0x000000070f200000, 0x000000070f400000|  0%| F|  |TAMS 0x000000070f200000, 0x000000070f200000| Untracked 
| 102|0x000000070f400000, 0x000000070f400000, 0x000000070f600000|  0%| F|  |TAMS 0x000000070f400000, 0x000000070f400000| Untracked 
| 103|0x000000070f600000, 0x000000070f600000, 0x000000070f800000|  0%| F|  |TAMS 0x000000070f600000, 0x000000070f600000| Untracked 
| 104|0x000000070f800000, 0x000000070f800000, 0x000000070fa00000|  0%| F|  |TAMS 0x000000070f800000, 0x000000070f800000| Untracked 
| 105|0x000000070fa00000, 0x000000070fa00000, 0x000000070fc00000|  0%| F|  |TAMS 0x000000070fa00000, 0x000000070fa00000| Untracked 
| 106|0x000000070fc00000, 0x000000070fc00000, 0x000000070fe00000|  0%| F|  |TAMS 0x000000070fc00000, 0x000000070fc00000| Untracked 
| 107|0x000000070fe00000, 0x000000070fe00000, 0x0000000710000000|  0%| F|  |TAMS 0x000000070fe00000, 0x000000070fe00000| Untracked 
| 108|0x0000000710000000, 0x0000000710000000, 0x0000000710200000|  0%| F|  |TAMS 0x0000000710000000, 0x0000000710000000| Untracked 
| 109|0x0000000710200000, 0x0000000710200000, 0x0000000710400000|  0%| F|  |TAMS 0x0000000710200000, 0x0000000710200000| Untracked 
| 110|0x0000000710400000, 0x0000000710400000, 0x0000000710600000|  0%| F|  |TAMS 0x0000000710400000, 0x0000000710400000| Untracked 
| 111|0x0000000710600000, 0x0000000710600000, 0x0000000710800000|  0%| F|  |TAMS 0x0000000710600000, 0x0000000710600000| Untracked 
| 112|0x0000000710800000, 0x0000000710800000, 0x0000000710a00000|  0%| F|  |TAMS 0x0000000710800000, 0x0000000710800000| Untracked 
| 113|0x0000000710a00000, 0x0000000710a00000, 0x0000000710c00000|  0%| F|  |TAMS 0x0000000710a00000, 0x0000000710a00000| Untracked 
| 114|0x0000000710c00000, 0x0000000710c00000, 0x0000000710e00000|  0%| F|  |TAMS 0x0000000710c00000, 0x0000000710c00000| Untracked 
| 115|0x0000000710e00000, 0x0000000710e00000, 0x0000000711000000|  0%| F|  |TAMS 0x0000000710e00000, 0x0000000710e00000| Untracked 
| 116|0x0000000711000000, 0x0000000711000000, 0x0000000711200000|  0%| F|  |TAMS 0x0000000711000000, 0x0000000711000000| Untracked 
| 117|0x0000000711200000, 0x0000000711200000, 0x0000000711400000|  0%| F|  |TAMS 0x0000000711200000, 0x0000000711200000| Untracked 
| 118|0x0000000711400000, 0x0000000711400000, 0x0000000711600000|  0%| F|  |TAMS 0x0000000711400000, 0x0000000711400000| Untracked 
| 119|0x0000000711600000, 0x0000000711600000, 0x0000000711800000|  0%| F|  |TAMS 0x0000000711600000, 0x0000000711600000| Untracked 
| 120|0x0000000711800000, 0x0000000711800000, 0x0000000711a00000|  0%| F|  |TAMS 0x0000000711800000, 0x0000000711800000| Untracked 
| 121|0x0000000711a00000, 0x0000000711a00000, 0x0000000711c00000|  0%| F|  |TAMS 0x0000000711a00000, 0x0000000711a00000| Untracked 
| 122|0x0000000711c00000, 0x0000000711c00000, 0x0000000711e00000|  0%| F|  |TAMS 0x0000000711c00000, 0x0000000711c00000| Untracked 
| 123|0x0000000711e00000, 0x0000000711e00000, 0x0000000712000000|  0%| F|  |TAMS 0x0000000711e00000, 0x0000000711e00000| Untracked 
| 124|0x0000000712000000, 0x00000007120b91b0, 0x0000000712200000| 36%| E|  |TAMS 0x0000000712000000, 0x0000000712000000| Complete 
| 125|0x0000000712200000, 0x0000000712400000, 0x0000000712400000|100%| E|CS|TAMS 0x0000000712200000, 0x0000000712200000| Complete 
| 126|0x0000000712400000, 0x0000000712600000, 0x0000000712600000|100%| E|  |TAMS 0x0000000712400000, 0x0000000712400000| Complete 

Card table byte_map: [0x00000241f2f50000,0x00000241f3740000] _byte_map_base: 0x00000241ef73c000

Marking Bits (Prev, Next): (CMBitMap*) 0x00000241e8a1e220, (CMBitMap*) 0x00000241e8a1e260
 Prev Bits: [0x00000241f3f30000, 0x00000241f7e90000)
 Next Bits: [0x00000241f7e90000, 0x00000241fbdf0000)

Polling page: 0x00000241e8790000

Metaspace:

Usage:
  Non-class:      2.39 MB used.
      Class:    256.07 KB used.
       Both:      2.64 MB used.

Virtual space:
  Non-class space:       64.00 MB reserved,       2.50 MB (  4%) committed,  1 nodes.
      Class space:        1.00 GB reserved,     320.00 KB ( <1%) committed,  1 nodes.
             Both:        1.06 GB reserved,       2.81 MB ( <1%) committed. 

Chunk freelists:
   Non-Class:  3.87 MB
       Class:  3.71 MB
        Both:  7.58 MB

MaxMetaspaceSize: unlimited
CompressedClassSpaceSize: 1.00 GB
Initial GC threshold: 21.00 MB
Current GC threshold: 21.00 MB
CDS: on
MetaspaceReclaimPolicy: balanced
 - commit_granule_bytes: 65536.
 - commit_granule_words: 8192.
 - virtual_space_node_default_size: 8388608.
 - enlarge_chunks_in_place: 1.
 - new_chunks_are_fully_committed: 0.
 - uncommit_free_chunks: 1.
 - use_allocation_guard: 0.


Internal statistics:

num_allocs_failed_limit: 0.
num_arena_births: 74.
num_arena_deaths: 0.
num_vsnodes_births: 2.
num_vsnodes_deaths: 0.
num_space_committed: 45.
num_space_uncommitted: 0.
num_chunks_returned_to_freelist: 0.
num_chunks_taken_from_freelist: 80.
num_chunk_merges: 0.
num_chunk_splits: 57.
num_chunks_enlarged: 39.
num_inconsistent_stats: 0.

CodeHeap 'non-profiled nmethods': size=120000Kb used=109Kb max_used=109Kb free=119890Kb
 bounds [0x0000024187ad0000, 0x0000024187d40000, 0x000002418f000000]
CodeHeap 'profiled nmethods': size=120000Kb used=446Kb max_used=446Kb free=119554Kb
 bounds [0x0000024180000000, 0x0000024180270000, 0x0000024187530000]
CodeHeap 'non-nmethods': size=5760Kb used=1259Kb max_used=1259Kb free=4500Kb
 bounds [0x0000024187530000, 0x00000241877a0000, 0x0000024187ad0000]
 total_blobs=819 nmethods=344 adapters=386
 compilation: enabled
              stopped_count=0, restarted_count=0
 full_count=0

Compilation events (20 events):
Event: 0.389 Thread 0x00000241fe41ba40  281       3       jdk.internal.org.objectweb.asm.ByteVector::put12 (64 bytes)
Event: 0.389 Thread 0x00000241fe41ba40 nmethod 281 0x0000024180056010 code [0x00000241800561c0, 0x0000024180056408]
Event: 0.389 Thread 0x00000241fe41ba40  278       3       jdk.internal.org.objectweb.asm.Frame::getAbstractTypeFromDescriptor (415 bytes)
Event: 0.390 Thread 0x00000241fe41ba40 nmethod 278 0x0000024180056590 code [0x0000024180056940, 0x00000241800584f8]
Event: 0.390 Thread 0x00000241fe41ba40  283       3       java.lang.invoke.MemberName::isConstructor (8 bytes)
Event: 0.391 Thread 0x00000241fe41ba40 nmethod 283 0x0000024180058e10 code [0x0000024180058fc0, 0x00000241800591f8]
Event: 0.391 Thread 0x00000241fe41ba40  286       3       java.lang.invoke.MemberName::getReferenceKind (12 bytes)
Event: 0.391 Thread 0x00000241fe41ba40 nmethod 286 0x0000024180059310 code [0x00000241800594a0, 0x00000241800595b8]
Event: 0.391 Thread 0x00000241fe41ba40  285       3       java.lang.invoke.MethodType::equals (31 bytes)
Event: 0.391 Thread 0x00000241fe41ba40 nmethod 285 0x0000024180059690 code [0x0000024180059840, 0x0000024180059a28]
Event: 0.391 Thread 0x00000241fe41ba40  287       3       java.util.Objects::requireNonNull (15 bytes)
Event: 0.391 Thread 0x00000241fe41ba40 nmethod 287 0x0000024180059b10 code [0x0000024180059cc0, 0x0000024180059ea8]
Event: 0.395 Thread 0x00000241fe3f81e0  288       4       java.lang.ref.Reference::reachabilityFence (1 bytes)
Event: 0.396 Thread 0x00000241fe3f81e0 nmethod 288 0x0000024187ae7310 code [0x0000024187ae7480, 0x0000024187ae74d8]
Event: 0.396 Thread 0x00000241fe41ba40  289       3       java.lang.StringLatin1::lastIndexOf (40 bytes)
Event: 0.397 Thread 0x00000241fe41ba40 nmethod 289 0x0000024180059f90 code [0x000002418005a160, 0x000002418005a558]
Event: 0.401 Thread 0x00000241fe41ba40  290       1       java.lang.Integer::intValue (5 bytes)
Event: 0.401 Thread 0x00000241fe41ba40 nmethod 290 0x0000024187ae7610 code [0x0000024187ae77a0, 0x0000024187ae7858]
Event: 0.411 Thread 0x00000241fe3f81e0  291       4       jdk.internal.org.objectweb.asm.ByteVector::putUTF8 (144 bytes)
Event: 0.411 Thread 0x00000241fe41ba40  294       3       java.lang.invoke.MethodType::insertParameterTypes (121 bytes)

GC Heap History (0 events):
No events

Dll operation events (7 events):
Event: 0.081 Loaded shared library C:\Program Files\Java\jdk-19\bin\java.dll
Event: 0.157 Loaded shared library C:\Program Files\Java\jdk-19\bin\jsvml.dll
Event: 0.269 Loaded shared library C:\Program Files\Java\jdk-19\bin\jimage.dll
Event: 0.302 Loaded shared library C:\Program Files\Java\jdk-19\bin\net.dll
Event: 0.305 Loaded shared library C:\Program Files\Java\jdk-19\bin\nio.dll
Event: 0.312 Loaded shared library C:\Program Files\Java\jdk-19\bin\zip.dll
Event: 0.362 Loaded shared library C:\Program Files\Java\jdk-19\bin\awt.dll

Deoptimization events (0 events):
No events

Classes loaded (20 events):
Event: 0.410 Loading class java/awt/Toolkit$DesktopPropertyChangeSupport
Event: 0.410 Loading class java/beans/PropertyChangeSupport
Event: 0.410 Loading class java/beans/PropertyChangeSupport done
Event: 0.410 Loading class java/awt/Toolkit$DesktopPropertyChangeSupport done
Event: 0.410 Loading class java/beans/PropertyChangeSupport$PropertyChangeListenerMap
Event: 0.410 Loading class java/beans/ChangeListenerMap
Event: 0.410 Loading class java/beans/ChangeListenerMap done
Event: 0.410 Loading class java/beans/PropertyChangeSupport$PropertyChangeListenerMap done
Event: 0.410 Loading class java/beans/PropertyChangeListener
Event: 0.410 Loading class java/beans/PropertyChangeListener done
Event: 0.410 Loading class sun/awt/SunToolkit$ModalityListenerList
Event: 0.410 Loading class sun/awt/ModalityListener
Event: 0.410 Loading class sun/awt/ModalityListener done
Event: 0.410 Loading class sun/awt/SunToolkit$ModalityListenerList done
Event: 0.410 Loading class java/util/Vector
Event: 0.411 Loading class java/util/Vector done
Event: 0.411 Loading class sun/awt/util/PerformanceLogger
Event: 0.411 Loading class sun/awt/util/PerformanceLogger done
Event: 0.411 Loading class sun/awt/util/PerformanceLogger$TimeData
Event: 0.411 Loading class sun/awt/util/PerformanceLogger$TimeData done

Classes unloaded (0 events):
No events

Classes redefined (0 events):
No events

Internal exceptions (3 events):
Event: 0.354 Thread 0x00000241e89adb40 Exception <a 'java/lang/ClassNotFoundException'{0x00000007122bd610}: sun/awt/resources/spi/awtProvider> (0x00000007122bd610) 
thrown [s\open\src\hotspot\share\classfile\systemDictionary.cpp, line 255]
Event: 0.380 Thread 0x00000241e89adb40 Exception <a 'java/io/FileNotFoundException'{0x0000000712360ab0}> (0x0000000712360ab0) 
thrown [s\open\src\hotspot\share\prims\jni.cpp, line 517]
Event: 0.389 Thread 0x00000241e89adb40 Exception <a 'java/io/FileNotFoundException'{0x000000071238d218}> (0x000000071238d218) 
thrown [s\open\src\hotspot\share\prims\jni.cpp, line 517]

VM Operations (2 events):
Event: 0.396 Executing VM operation: HandshakeAllThreads
Event: 0.396 Executing VM operation: HandshakeAllThreads done

Events (12 events):
Event: 0.159 Thread 0x00000241e89adb40 Thread added: 0x00000241e89adb40
Event: 0.204 Thread 0x00000241fe3e3c30 Thread added: 0x00000241fe3e3c30
Event: 0.204 Thread 0x00000241fe3e8ec0 Thread added: 0x00000241fe3e8ec0
Event: 0.207 Thread 0x00000241fe3ec4a0 Thread added: 0x00000241fe3ec4a0
Event: 0.207 Thread 0x00000241fe3eede0 Thread added: 0x00000241fe3eede0
Event: 0.207 Thread 0x00000241fe3f0050 Thread added: 0x00000241fe3f0050
Event: 0.208 Thread 0x00000241fe3f1990 Thread added: 0x00000241fe3f1990
Event: 0.208 Thread 0x00000241fe3f81e0 Thread added: 0x00000241fe3f81e0
Event: 0.208 Thread 0x00000241fe41ba40 Thread added: 0x00000241fe41ba40
Event: 0.208 Thread 0x00000241fe42f450 Thread added: 0x00000241fe42f450
Event: 0.256 Thread 0x00000241fe42df10 Thread added: 0x00000241fe42df10
Event: 0.259 Thread 0x00000241fe42f9a0 Thread added: 0x00000241fe42f9a0


Dynamic libraries:
0x00007ff7d19b0000 - 0x00007ff7d19c0000 	C:\Program Files\Java\jdk-19\bin\javaw.exe
0x00007ff851900000 - 0x00007ff851b09000 	C:\WINDOWS\SYSTEM32\ntdll.dll
0x00007ff850280000 - 0x00007ff85033e000 	C:\WINDOWS\System32\KERNEL32.DLL
0x00007ff84edd0000 - 0x00007ff84f14c000 	C:\WINDOWS\System32\KERNELBASE.dll
0x00007ff84f360000 - 0x00007ff84f471000 	C:\WINDOWS\System32\ucrtbase.dll
0x00007ff83ffb0000 - 0x00007ff83ffc8000 	C:\Program Files\Java\jdk-19\bin\jli.dll
0x00007ff84f780000 - 0x00007ff84f82e000 	C:\WINDOWS\System32\ADVAPI32.dll
0x00007ff850790000 - 0x00007ff850833000 	C:\WINDOWS\System32\msvcrt.dll
0x00007ff8506f0000 - 0x00007ff85078e000 	C:\WINDOWS\System32\sechost.dll
0x00007ff84f950000 - 0x00007ff84fa70000 	C:\WINDOWS\System32\RPCRT4.dll
0x00007ff850370000 - 0x00007ff85051d000 	C:\WINDOWS\System32\USER32.dll
0x00007ff84f4f0000 - 0x00007ff84f516000 	C:\WINDOWS\System32\win32u.dll
0x00007ff850340000 - 0x00007ff850369000 	C:\WINDOWS\System32\GDI32.dll
0x00007ff84f660000 - 0x00007ff84f778000 	C:\WINDOWS\System32\gdi32full.dll
0x00007ff84f2c0000 - 0x00007ff84f35d000 	C:\WINDOWS\System32\msvcp_win.dll
0x00007ff83fd00000 - 0x00007ff83fd1b000 	C:\Program Files\Java\jdk-19\bin\VCRUNTIME140.dll
0x00007ff83b7e0000 - 0x00007ff83ba85000 	C:\WINDOWS\WinSxS\amd64_microsoft.windows.common-controls_6595b64144ccf1df_6.0.22000.120_none_9d947278b86cc467\COMCTL32.dll
0x00007ff84ca30000 - 0x00007ff84ca3a000 	C:\WINDOWS\SYSTEM32\VERSION.dll
0x00007ff8506b0000 - 0x00007ff8506e1000 	C:\WINDOWS\System32\IMM32.DLL
0x00007ff84a4a0000 - 0x00007ff84a4ac000 	C:\Program Files\Java\jdk-19\bin\vcruntime140_1.dll
0x00007ff82de60000 - 0x00007ff82deee000 	C:\Program Files\Java\jdk-19\bin\msvcp140.dll
0x00007fffbcc80000 - 0x00007fffbd940000 	C:\Program Files\Java\jdk-19\bin\server\jvm.dll
0x00007ff834c30000 - 0x00007ff834c39000 	C:\WINDOWS\SYSTEM32\WSOCK32.dll
0x00007ff8501f0000 - 0x00007ff85025f000 	C:\WINDOWS\System32\WS2_32.dll
0x00007ff8481d0000 - 0x00007ff848203000 	C:\WINDOWS\SYSTEM32\WINMM.dll
0x00007ff84df40000 - 0x00007ff84df58000 	C:\WINDOWS\SYSTEM32\kernel.appcore.dll
0x00007ff849bd0000 - 0x00007ff849bda000 	C:\Program Files\Java\jdk-19\bin\jimage.dll
0x00007ff84b7f0000 - 0x00007ff84ba11000 	C:\WINDOWS\SYSTEM32\DBGHELP.DLL
0x00007ff836ac0000 - 0x00007ff836af1000 	C:\WINDOWS\SYSTEM32\dbgcore.DLL
0x00007ff84f5e0000 - 0x00007ff84f65f000 	C:\WINDOWS\System32\bcryptPrimitives.dll
0x00007ff840820000 - 0x00007ff840846000 	C:\Program Files\Java\jdk-19\bin\java.dll
0x00007ff83e250000 - 0x00007ff83e327000 	C:\Program Files\Java\jdk-19\bin\jsvml.dll
0x00007ff851000000 - 0x00007ff8517c5000 	C:\WINDOWS\System32\SHELL32.dll
0x00007ff84ced0000 - 0x00007ff84d735000 	C:\WINDOWS\SYSTEM32\windows.storage.dll
0x00007ff850b20000 - 0x00007ff850e96000 	C:\WINDOWS\System32\combase.dll
0x00007ff84cd60000 - 0x00007ff84cec6000 	C:\WINDOWS\SYSTEM32\wintypes.dll
0x00007ff8505c0000 - 0x00007ff8506aa000 	C:\WINDOWS\System32\SHCORE.dll
0x00007ff850ea0000 - 0x00007ff850efd000 	C:\WINDOWS\System32\shlwapi.dll
0x00007ff84ed00000 - 0x00007ff84ed21000 	C:\WINDOWS\SYSTEM32\profapi.dll
0x00007ff849420000 - 0x00007ff849433000 	C:\Program Files\Java\jdk-19\bin\net.dll
0x00007ff84ca40000 - 0x00007ff84cb52000 	C:\WINDOWS\SYSTEM32\WINHTTP.dll
0x00007ff84e3e0000 - 0x00007ff84e447000 	C:\WINDOWS\system32\mswsock.dll
0x00007ff8479f0000 - 0x00007ff847a06000 	C:\Program Files\Java\jdk-19\bin\nio.dll
0x00007ff841e30000 - 0x00007ff841e48000 	C:\Program Files\Java\jdk-19\bin\zip.dll
0x00007ff80f5e0000 - 0x00007ff80f771000 	C:\Program Files\Java\jdk-19\bin\awt.dll
0x00007ff850090000 - 0x00007ff850166000 	C:\WINDOWS\System32\OLEAUT32.dll
0x00007ff84b350000 - 0x00007ff84b3e1000 	C:\WINDOWS\SYSTEM32\apphelp.dll
0x00007ff84b450000 - 0x00007ff84b4fc000 	C:\WINDOWS\system32\uxtheme.dll
0x00007ff850a00000 - 0x00007ff850b1d000 	C:\WINDOWS\System32\MSCTF.dll
0x00007ff84fa80000 - 0x00007ff84fc1a000 	C:\WINDOWS\System32\ole32.dll

dbghelp: loaded successfully - version: 4.0.5 - missing functions: none
symbol engine: initialized successfully - sym options: 0x614 - pdb path: .;C:\Program Files\Java\jdk-19\bin;C:\WINDOWS\SYSTEM32;C:\WINDOWS\WinSxS\amd64_microsoft.windows.common-controls_6595b64144ccf1df_6.0.22000.120_none_9d947278b86cc467;C:\Program Files\Java\jdk-19\bin\server

VM Arguments:
jvm_args: -Dfile.encoding=UTF-8 -XX:+ShowCodeDetailsInExceptionMessages 
java_command: proj3.AddTestCaseJJ
java_class_path (initial): C:\Users\kmail\eclipse-workspace\proj3\bin;C:\Users\kmail\Downloads\mysql-connector-j-8.0.32\mysql-connector-j-8.0.32\mysql-connector-j-8.0.32.jar;C:\Users\kmail\Downloads\mssql-jdbc-7.0.0.jre8.jar;C:\Users\kmail\Downloads\selenium-server-4.8.0 (1).jar;C:\Users\kmail\Downloads\jar_files\org.json-chargebee-1.0.jar;C:\Users\kmail\Downloads\json-simple-1.1.jar\json-simple-1.1.jar;C:\Users\kmail\Downloads\commons-dbutils-1.5.jar\commons-dbutils-1.5.jar;C:\Users\kmail\Downloads\openjfx-19.0.2.1_windows-x64_bin-sdk\javafx-sdk-19.0.2.1\lib\javafx.base.jar;C:\Users\kmail\Downloads\openjfx-19.0.2.1_windows-x64_bin-sdk\javafx-sdk-19.0.2.1\lib\javafx.controls.jar;C:\Users\kmail\Downloads\openjfx-19.0.2.1_windows-x64_bin-sdk\javafx-sdk-19.0.2.1\lib\javafx.fxml.jar;C:\Users\kmail\Downloads\openjfx-19.0.2.1_windows-x64_bin-sdk\javafx-sdk-19.0.2.1\lib\javafx.graphics.jar;C:\Users\kmail\Downloads\openjfx-19.0.2.1_windows-x64_bin-sdk\javafx-sdk-19.0.2.1\lib\javafx.media.jar;C:\Users\kmail\Downloads\openjfx-19.0.2.1_windows-x64_bin-sdk\javafx-sdk-19.0.2.1\lib\javafx.swing.jar;C:\Users\kmail\Downloads\openjfx-19.0.2.1_windows-x64_bin-sdk\javafx-sdk-19.0.2.1\lib\javafx.web.jar;C:\Users\kmail\Downloads\openjfx-19.0.2.1_windows-x64_bin-sdk\javafx-sdk-19.0.2.1\lib\javafx-swt.jar;C:\Users\kmail\Downloads\javafx-controls-18-ea+1.jar
Launcher Type: SUN_STANDARD

[Global flags]
     intx CICompilerCount                          = 3                                         {product} {ergonomic}
     uint ConcGCThreads                            = 1                                         {product} {ergonomic}
     uint G1ConcRefinementThreads                  = 4                                         {product} {ergonomic}
   size_t G1HeapRegionSize                         = 2097152                                   {product} {ergonomic}
    uintx GCDrainStackTargetSize                   = 64                                        {product} {ergonomic}
   size_t InitialHeapSize                          = 266338304                                 {product} {ergonomic}
   size_t MarkStackSize                            = 4194304                                   {product} {ergonomic}
   size_t MaxHeapSize                              = 4253024256                                {product} {ergonomic}
   size_t MaxNewSize                               = 2550136832                                {product} {ergonomic}
   size_t MinHeapDeltaBytes                        = 2097152                                   {product} {ergonomic}
   size_t MinHeapSize                              = 8388608                                   {product} {ergonomic}
    uintx NonNMethodCodeHeapSize                   = 5832780                                {pd product} {ergonomic}
    uintx NonProfiledCodeHeapSize                  = 122912730                              {pd product} {ergonomic}
    uintx ProfiledCodeHeapSize                     = 122912730                              {pd product} {ergonomic}
    uintx ReservedCodeCacheSize                    = 251658240                              {pd product} {ergonomic}
     bool SegmentedCodeCache                       = true                                      {product} {ergonomic}
     bool ShowCodeDetailsInExceptionMessages       = true                                   {manageable} {command line}
   size_t SoftMaxHeapSize                          = 4253024256                             {manageable} {ergonomic}
     bool UseCompressedClassPointers               = true                           {product lp64_product} {ergonomic}
     bool UseCompressedOops                        = true                           {product lp64_product} {ergonomic}
     bool UseG1GC                                  = true                                      {product} {ergonomic}
     bool UseLargePagesIndividualAllocation        = false                                  {pd product} {ergonomic}

Logging:
Log output configuration:
 #0: stdout all=warning uptime,level,tags foldmultilines=false
 #1: stderr all=off uptime,level,tags foldmultilines=false

Environment Variables:
PATH=C:/Program Files/Java/jdk-19/bin/server;C:/Program Files/Java/jdk-19/bin;C:\Program Files\Common Files\Oracle\Java\javapath;C:\WINDOWS\system32;C:\WINDOWS;C:\WINDOWS\System32\Wbem;C:\WINDOWS\System32\WindowsPowerShell\v1.0\;C:\WINDOWS\System32\OpenSSH\;C:\Program Files (x86)\Microsoft SQL Server\160\Tools\Binn\;C:\Program Files\Microsoft SQL Server\160\Tools\Binn\;C:\Program Files\Microsoft SQL Server\Client SDK\ODBC\170\Tools\Binn\;C:\Program Files\Microsoft SQL Server\160\DTS\Binn\;C:\Program Files (x86)\Microsoft SQL Server\160\DTS\Binn\;C:\Program Files\Azure Data Studio\bin;C:\Program Files\MySQL\MySQL Shell 8.0\bin\;C:\Users\kmail\AppData\Local\Microsoft\WindowsApps;;C:\Program Files\Azure Data Studio\bin;C:\WINDOWS\System32;
USERNAME=kmail
OS=Windows_NT
PROCESSOR_IDENTIFIER=Intel64 Family 6 Model 142 Stepping 9, GenuineIntel
TMP=C:\Users\kmail\AppData\Local\Temp
TEMP=C:\Users\kmail\AppData\Local\Temp



---------------  S Y S T E M  ---------------

OS:
 Windows 11 , 64 bit Build 22000 (10.0.22000.1516)
OS uptime: 11 days 2:00 hours

CPU: total 4 (initial active 4) (2 cores per cpu, 2 threads per core) family 6 model 142 stepping 9 microcode 0xea, cx8, cmov, fxsr, ht, mmx, 3dnowpref, sse, sse2, sse3, ssse3, sse4.1, sse4.2, popcnt, lzcnt, tsc, tscinvbit, avx, avx2, aes, erms, clmul, bmi1, bmi2, rtm, adx, fma, vzeroupper, clflush, clflushopt, rdtscp

Memory: 4k page, system-wide physical 16223M (3238M free)
TotalPageFile size 46659M (AvailPageFile size 2M)
current process WorkingSet (physical memory assigned to process): 45M, peak: 45M
current process commit charge ("private bytes"): 339M, peak: 339M

vm_info: Java HotSpot(TM) 64-Bit Server VM (19.0.2+7-44) for windows-amd64 JRE (19.0.2+7-44), built on 2022-11-30T18:02:09Z by "mach5one" with MS VC++ 17.1 (VS2022)

END.
